<?xml version="1.0" encoding="UTF-8"?>
<testsuite xmlns:xsi="http://www.w3.org/2001/XMLSchema-instance" xsi:noNamespaceSchemaLocation="https://maven.apache.org/surefire/maven-surefire-plugin/xsd/surefire-test-report-3.0.xsd" version="3.0" name="com.linkedin.app.CalculatorTest" time="0.039" tests="5" errors="0" skipped="0" failures="0">
  <properties>
[...]
</properties>
  <testcase name="subtract" classname="com.linkedin.app.CalculatorTest" time="0.023">
    <system-err><![CDATA[June 20, 2025 11:53:37 AM com.linkedin.app.TimingExtension beforeTestExecution
INFO: Starting execution of test method: subtract() , in class: com.linkedin.app.CalculatorTest, this is: subtract
June 20, 2025 11:53:37 AM com.linkedin.app.TimingExtension afterTestExecution
INFO: Finished execution of the test method: subtract() in 6 ms
]]></system-err>
  </testcase>
  <testcase name="divide" classname="com.linkedin.app.CalculatorTest" time="0.001">
    <system-err><![CDATA[June 20, 2025 11:53:37 AM com.linkedin.app.TimingExtension beforeTestExecution
INFO: Starting execution of test method: divide() , in class: com.linkedin.app.CalculatorTest, this is: divide
June 20, 2025 11:53:37 AM com.linkedin.app.TimingExtension afterTestExecution
INFO: Finished execution of the test method: divide() in 1 ms
]]></system-err>
  </testcase>
  <testcase name="add" classname="com.linkedin.app.CalculatorTest" time="0.001">
    <system-err><![CDATA[June 20, 2025 11:53:37 AM com.linkedin.app.TimingExtension beforeTestExecution
INFO: Starting execution of test method: add() , in class: com.linkedin.app.CalculatorTest, this is: add
June 20, 2025 11:53:37 AM com.linkedin.app.TimingExtension afterTestExecution
INFO: Finished execution of the test method: add() in 0 ms
]]></system-err>
  </testcase>
  <testcase name="multiply" classname="com.linkedin.app.CalculatorTest" time="0.001">
    <system-err><![CDATA[June 20, 2025 11:53:37 AM com.linkedin.app.TimingExtension beforeTestExecution
INFO: Starting execution of test method: multiply() , in class: com.linkedin.app.CalculatorTest, this is: multiply
June 20, 2025 11:53:37 AM com.linkedin.app.TimingExtension afterTestExecution
INFO: Finished execution of the test method: multiply() in 0 ms
]]></system-err>
  </testcase>
  <testcase name="divideByZero" classname="com.linkedin.app.CalculatorTest" time="0.001">
    <system-err><![CDATA[June 20, 2025 11:53:37 AM com.linkedin.app.TimingExtension beforeTestExecution
INFO: Starting execution of test method: divideByZero() , in class: com.linkedin.app.CalculatorTest, this is: divideByZero
June 20, 2025 11:53:37 AM com.linkedin.app.TimingExtension afterTestExecution
INFO: Finished execution of the test method: divideByZero() in 0 ms
]]></system-err>
  </testcase>
</testsuite>