<?xml version="1.0" encoding="UTF-8"?>
<testsuite xmlns:xsi="http://www.w3.org/2001/XMLSchema-instance" xsi:noNamespaceSchemaLocation="https://maven.apache.org/surefire/maven-surefire-plugin/xsd/surefire-test-report-3.0.xsd" version="3.0" name="com.linkedin.app.UserControllerTest" time="1.847" tests="3" errors="0" skipped="0" failures="0">
  <properties>
[...]
</properties>
  <testcase name="getUserByIdNotFoundTest" classname="com.linkedin.app.UserControllerTest" time="0.115">
    <system-out><![CDATA[11:36:55.947 [main] DEBUG org.springframework.boot.test.autoconfigure.web.servlet.WebMvcTestContextBootstrapper - Neither @ContextConfiguration nor @ContextHierarchy found for test class [UserControllerTest]: using SpringBootContextLoader
11:36:55.949 [main] DEBUG org.springframework.test.context.support.AbstractContextLoader - Could not detect default resource locations for test class [com.linkedin.app.UserControllerTest]: no resource found for suffixes {-context.xml, Context.groovy}.
11:36:55.949 [main] INFO org.springframework.test.context.support.AnnotationConfigContextLoaderUtils - Could not detect default configuration classes for test class [com.linkedin.app.UserControllerTest]: UserControllerTest does not declare any static, non-private, non-final, nested classes annotated with @Configuration.
11:36:55.979 [main] DEBUG org.springframework.boot.test.autoconfigure.web.servlet.WebMvcTestContextBootstrapper - Using ContextCustomizers for test class [UserControllerTest]: [ImportsContextCustomizer, ExcludeFilterContextCustomizer, DuplicateJsonObjectContextCustomizer, MockitoContextCustomizer, DisableAutoConfigurationContextCustomizer, DisableObservabilityContextCustomizer, TypeExcludeFiltersContextCustomizer, PropertyMappingContextCustomizer, Customizer]
11:36:56.021 [main] DEBUG org.springframework.context.annotation.ClassPathScanningCandidateComponentProvider - Identified candidate component class: file [/Users/yidan.wang/Desktop/complete-guide-to-java-testing-with-junit-5-and-mockito-5915250/my-app/target/classes/com/linkedin/app/Application.class]
11:36:56.029 [main] INFO org.springframework.boot.test.context.SpringBootTestContextBootstrapper - Found @SpringBootConfiguration com.linkedin.app.Application for test class com.linkedin.app.UserControllerTest
11:36:56.041 [main] DEBUG org.springframework.boot.test.autoconfigure.web.servlet.WebMvcTestContextBootstrapper - Using TestExecutionListeners for test class [UserControllerTest]: [ServletTestExecutionListener, DirtiesContextBeforeModesTestExecutionListener, ApplicationEventsTestExecutionListener, MockitoTestExecutionListener, DependencyInjectionTestExecutionListener, DirtiesContextTestExecutionListener, TransactionalTestExecutionListener, SqlScriptsTestExecutionListener, EventPublishingTestExecutionListener, ResetMocksTestExecutionListener, RestDocsTestExecutionListener, MockRestServiceServerResetTestExecutionListener, MockMvcPrintOnlyOnFailureTestExecutionListener, WebDriverTestExecutionListener, MockWebServiceServerTestExecutionListener]
11:36:56.041 [main] DEBUG org.springframework.test.context.support.AbstractDirtiesContextTestExecutionListener - Before test class: class [UserControllerTest], class annotated with @DirtiesContext [false] with mode [null]

  .   ____          _            __ _ _
 /\\ / ___'_ __ _ _(_)_ __  __ _ \ \ \ \
( ( )\___ | '_ | '_| | '_ \/ _` | \ \ \ \
 \\/  ___)| |_)| | | | | || (_| |  ) ) ) )
  '  |____| .__|_| |_|_| |_\__, | / / / /
 =========|_|==============|___/=/_/_/_/
 :: Spring Boot ::                (v3.0.0)

2025-06-26T11:36:56.750+09:30  INFO 45059 --- [           main] com.linkedin.app.UserControllerTest      : Starting UserControllerTest using Java 17.0.12 with PID 45059 (started by yidan.wang in /Users/yidan.wang/Desktop/complete-guide-to-java-testing-with-junit-5-and-mockito-5915250/my-app)
2025-06-26T11:36:56.751+09:30  INFO 45059 --- [           main] com.linkedin.app.UserControllerTest      : No active profile set, falling back to 1 default profile: "default"
2025-06-26T11:36:57.459+09:30  INFO 45059 --- [           main] o.s.b.t.m.w.SpringBootMockServletContext : Initializing Spring TestDispatcherServlet ''
2025-06-26T11:36:57.459+09:30  INFO 45059 --- [           main] o.s.t.web.servlet.TestDispatcherServlet  : Initializing Servlet ''
2025-06-26T11:36:57.461+09:30  INFO 45059 --- [           main] o.s.t.web.servlet.TestDispatcherServlet  : Completed initialization in 1 ms
2025-06-26T11:36:57.476+09:30  INFO 45059 --- [           main] com.linkedin.app.UserControllerTest      : Started UserControllerTest in 0.919 seconds (process running for 2.054)
]]></system-out>
  </testcase>
  <testcase name="createUserTest" classname="com.linkedin.app.UserControllerTest" time="0.046"/>
  <testcase name="getUserByIdTest" classname="com.linkedin.app.UserControllerTest" time="0.03"/>
</testsuite>