<?xml version="1.0" encoding="UTF-8"?>
<testsuite xmlns:xsi="http://www.w3.org/2001/XMLSchema-instance" xsi:noNamespaceSchemaLocation="https://maven.apache.org/surefire/maven-surefire-plugin/xsd/surefire-test-report-3.0.xsd" version="3.0" name="com.linkedin.app.WeatherServiceTest" time="0.339" tests="2" errors="0" skipped="0" failures="0">
  <properties>
[...]
</properties>
  <testcase name="getWeather" classname="com.linkedin.app.WeatherServiceTest" time="0.332">
    <system-out><![CDATA[11:48:08.115 [main] DEBUG org.springframework.test.util.ReflectionTestUtils - Setting field 'apiKey' of type [null] on target object [com.linkedin.app.WeatherService@2ad99cf3] or target class [class com.linkedin.app.WeatherService] to value [123]
]]></system-out>
  </testcase>
  <testcase name="getWeathe_apiError" classname="com.linkedin.app.WeatherServiceTest" time="0.004">
    <system-out><![CDATA[11:48:08.179 [main] DEBUG org.springframework.test.util.ReflectionTestUtils - Setting field 'apiKey' of type [null] on target object [com.linkedin.app.WeatherService@7cfb0c4c] or target class [class com.linkedin.app.WeatherService] to value [123]
]]></system-out>
  </testcase>
</testsuite>