<?xml version="1.0" encoding="UTF-8"?>
<testsuite xmlns:xsi="http://www.w3.org/2001/XMLSchema-instance" xsi:noNamespaceSchemaLocation="https://maven.apache.org/surefire/maven-surefire-plugin/xsd/surefire-test-report-3.0.xsd" version="3.0" name="com.linkedin.app.CalculatorTest" time="0.025" tests="5" errors="0" skipped="0" failures="0">
  <properties>
[...]
</properties>
  <testcase name="subtract" classname="com.linkedin.app.CalculatorTest" time="0.009"/>
  <testcase name="divide" classname="com.linkedin.app.CalculatorTest" time="0.001"/>
  <testcase name="testIllegalArgumentException" classname="com.linkedin.app.CalculatorTest" time="0.001"/>
  <testcase name="add" classname="com.linkedin.app.CalculatorTest" time="0.001"/>
  <testcase name="multiply" classname="com.linkedin.app.CalculatorTest" time="0"/>
</testsuite>