GROUP,PACKAGE,CLASS,INSTRUCTION_MISSED,INSTRUCTION_COVERED,BRANCH_MISSED,BRANCH_COVERED,LINE_MISSED,LINE_COVERED,COMPLEXITY_MISSED,COMPLEXITY_COVERED,METHOD_MISSED,METHOD_COVERED
my-app,com.linkedin.app,AppConfig,7,0,0,0,2,0,2,0,2,0
my-app,com.linkedin.app,WeatherMain,3,13,0,0,2,6,1,3,1,3
my-app,com.linkedin.app,WeatherResponse,7,9,0,0,4,4,2,2,2,2
my-app,com.linkedin.app,WeatherService,0,45,0,0,0,8,0,2,0,2
my-app,com.linkedin.app,Application,5,3,0,0,2,1,1,1,1,1
my-app,com.linkedin.app,WeatherController,0,23,0,0,0,6,0,2,0,2
